<?xml version='1.0' encoding='UTF-8'?>
<testsuite hostname="horsey" name="spells.user.ClearPrintTests" tests="2" errors="0" failures="0" skipped="0" time="0.007" timestamp="2020-07-03T08:59:10">
                     <properties>
[...]
</properties>
                     <testcase classname="spells.user.ClearPrintTests" name="cleared(sample)(Blue) should be(styled(ClearPrint.Clear.value + s&quot;\r$sample&quot; + Reset.value)(Blue))" time="0.007">
                                                 
                                               </testcase><testcase classname="spells.user.ClearPrintTests" name="Scoverage should be happy" time="0.0">
                                                 
                                               </testcase>
                     <system-out><![CDATA[]]></system-out>
                     <system-err><![CDATA[]]></system-err>
                   </testsuite>