<?xml version='1.0' encoding='UTF-8'?>
<testsuite hostname="horsey" name="spells.user.XrayReportRenderingTests" tests="35" errors="0" failures="0" skipped="0" time="0.309" timestamp="2020-07-03T08:59:06">
                     <properties>
[...]
</properties>
                     <testcase classname="spells.user.XrayReportRenderingTests" name="The header should contain the string 'Xray' if description is empty" time="0.121">
                                                 
                                               </testcase><testcase classname="spells.user.XrayReportRenderingTests" name="Empty styled header should result in the default one" time="0.003">
                                                 
                                               </testcase><testcase classname="spells.user.XrayReportRenderingTests" name="Xray header should still be rendered green" time="0.003">
                                                 
                                               </testcase><testcase classname="spells.user.XrayReportRenderingTests" name="The size of the description should be involved into the size calculation of the Xray table" time="0.002">
                                                 
                                               </testcase><testcase classname="spells.user.XrayReportRenderingTests" name="The size of the description should be involved into the size calculation of the Xray table, but it should not cause it to grow over its limits" time="0.003">
                                                 
                                               </testcase><testcase classname="spells.user.XrayReportRenderingTests" name="The description should be wrapped and centered" time="0.003">
                                                 
                                               </testcase><testcase classname="spells.user.XrayReportRenderingTests" name="Multiline description should be centered" time="0.004">
                                                 
                                               </testcase><testcase classname="spells.user.XrayReportRenderingTests" name="Multiline description should be centered but not padded if it happens to be the longest line" time="0.006">
                                                 
                                               </testcase><testcase classname="spells.user.XrayReportRenderingTests" name="The header should contain the string 'description' if description is nonempty" time="0.003">
                                                 
                                               </testcase><testcase classname="spells.user.XrayReportRenderingTests" name="If the description contains styles the header should still be centered properly" time="0.005">
                                                 
                                               </testcase><testcase classname="spells.user.XrayReportRenderingTests" name="The datetime should be rendered in full format" time="0.003">
                                                 
                                               </testcase><testcase classname="spells.user.XrayReportRenderingTests" name="The duration should be readable by humans" time="0.002">
                                                 
                                               </testcase><testcase classname="spells.user.XrayReportRenderingTests" name="Location should be equal to the toString implementation of the StackTraceElement" time="0.002">
                                                 
                                               </testcase><testcase classname="spells.user.XrayReportRenderingTests" name="HashCode should be equal to the toString implementation of the hashCode method" time="0.002">
                                                 
                                               </testcase><testcase classname="spells.user.XrayReportRenderingTests" name="HashCode should not be included in xray report" time="0.002">
                                                 
                                               </testcase><testcase classname="spells.user.XrayReportRenderingTests" name="If type and class are equal the class should not be rendered" time="0.003">
                                                 
                                               </testcase><testcase classname="spells.user.XrayReportRenderingTests" name="If type and class are different they should both be rendered" time="0.013">
                                                 
                                               </testcase><testcase classname="spells.user.XrayReportRenderingTests" name="Simple values should be rendered in magenta" time="0.002">
                                                 
                                               </testcase><testcase classname="spells.user.XrayReportRenderingTests" name="If value conains '\n' it should be rendered on the new line" time="0.004">
                                                 
                                               </testcase><testcase classname="spells.user.XrayReportRenderingTests" name="Simple values should be deeply (other styles should not be lost) rendered in magenta" time="0.002">
                                                 
                                               </testcase><testcase classname="spells.user.XrayReportRenderingTests" name="Styled values should be deeply (other styles should not be lost) rendered in magenta" time="0.003">
                                                 
                                               </testcase><testcase classname="spells.user.XrayReportRenderingTests" name="Nulls should be rendered as values and thus not throw exceptions" time="0.002">
                                                 
                                               </testcase><testcase classname="spells.user.XrayReportRenderingTests" name="Rendered report should contain maximum 160 hyphens (or other separator characters)" time="0.006">
                                                 
                                               </testcase><testcase classname="spells.user.XrayReportRenderingTests" name="Rendered report should contain exactly 4 lines with hyphens (or other separators)" time="0.005">
                                                 
                                               </testcase><testcase classname="spells.user.XrayReportRenderingTests" name="Rendered report should contain one of each of these characters ┬ ┼ ┴" time="0.003">
                                                 
                                               </testcase><testcase classname="spells.user.XrayReportRenderingTests" name="Calendards should be rendered as Dates" time="0.001">
                                                 
                                               </testcase><testcase classname="spells.user.XrayReportRenderingTests" name="Dates should be rendered as Calendars" time="0.0">
                                                 
                                               </testcase><testcase classname="spells.user.XrayReportRenderingTests" name="Custom rendering for java.util.Calendar" time="0.005">
                                                 
                                               </testcase><testcase classname="spells.user.XrayReportRenderingTests" name="Multiline rendering should not cause any style loss" time="0.007">
                                                 
                                               </testcase><testcase classname="spells.user.XrayReportRenderingTests" name="The customRenderedTableForXray helper method should throw a RuntimeException when given an empty input" time="0.001">
                                                 
                                               </testcase><testcase classname="spells.user.XrayReportRenderingTests" name="CustomRendering style loss test #infinity" time="0.036">
                                                 
                                               </testcase><testcase classname="spells.user.XrayReportRenderingTests" name="CustomRendering style loss test #infinity+1" time="0.026">
                                                 
                                               </testcase><testcase classname="spells.user.XrayReportRenderingTests" name="Explicit CustomRendering should be picked up" time="0.007">
                                                 
                                               </testcase><testcase classname="spells.user.XrayReportRenderingTests" name="Additional content for the report" time="0.016">
                                                 
                                               </testcase><testcase classname="spells.user.XrayReportRenderingTests" name="Manually passed in additional content" time="0.003">
                                                 
                                               </testcase>
                     <system-out><![CDATA[]]></system-out>
                     <system-err><![CDATA[]]></system-err>
                   </testsuite>