<?xml version='1.0' encoding='UTF-8'?>
<testsuite hostname="horsey" name="spells.user.StringOpsTests" tests="14" errors="0" failures="0" skipped="0" time="0.005" timestamp="2020-07-03T08:59:07">
                     <properties>
[...]
</properties>
                     <testcase classname="spells.user.StringOpsTests" name="The withDecodedScalaSymbols method should delegate to scala.reflect.NameTransformer.decode" time="0.001">
                                                 
                                               </testcase><testcase classname="spells.user.StringOpsTests" name="Worst case scenario: the word is longer than the limit: the word should NOT be broken" time="0.001">
                                                 
                                               </testcase><testcase classname="spells.user.StringOpsTests" name="Dodgy strings should not cause any trouble" time="0.001">
                                                 
                                               </testcase><testcase classname="spells.user.StringOpsTests" name="A line should be broken at the breakCharacter before the Limit" time="0.001">
                                                 
                                               </testcase><testcase classname="spells.user.StringOpsTests" name="A line should be broken at the latest breakCharacter possible" time="0.001">
                                                 
                                               </testcase><testcase classname="spells.user.StringOpsTests" name="Worst case scenario 2: the word that's longer than the limit is followed by another word" time="0.0">
                                                 
                                               </testcase><testcase classname="spells.user.StringOpsTests" name="Multiple spaces" time="0.0">
                                                 
                                               </testcase><testcase classname="spells.user.StringOpsTests" name="Wrapping with multispace should preserve spaces in the end, but test them when calculating the length of the line" time="0.0">
                                                 
                                               </testcase><testcase classname="spells.user.StringOpsTests" name="Wrap on a 'per line' basis" time="0.0">
                                                 
                                               </testcase><testcase classname="spells.user.StringOpsTests" name="Wrap on a 'per line' basis2" time="0.0">
                                                 
                                               </testcase><testcase classname="spells.user.StringOpsTests" name="Wrap should preserve empty lines" time="0.0">
                                                 
                                               </testcase><testcase classname="spells.user.StringOpsTests" name="Wrap should preserve empty lines2" time="0.0">
                                                 
                                               </testcase><testcase classname="spells.user.StringOpsTests" name="Size calculations should take car of ANSI escape codes" time="0.0">
                                                 
                                               </testcase><testcase classname="spells.user.StringOpsTests" name="Last &quot;\n&quot; should be preserved" time="0.0">
                                                 
                                               </testcase>
                     <system-out><![CDATA[]]></system-out>
                     <system-err><![CDATA[]]></system-err>
                   </testsuite>